This is pdfTeX, Version 3.14159265-2.6-1.40.15 (MiKTeX 2.9 64-bit) (preloaded format=pdflatex 2015.6.11)  17 JUN 2015 17:02
entering extended mode
**WillowRandomForestReport.tex
(WillowRandomForestReport.tex
LaTeX2e <2015/01/01>
Babel <3.9l> and hyphenation patterns for 69 languages loaded.
("C:\Program Files\MiKTeX 2.9\tex\latex\base\article.cls"
Document Class: article 2014/09/29 v1.4h Standard LaTeX document class
("C:\Program Files\MiKTeX 2.9\tex\latex\base\size10.clo"
File: size10.clo 2014/09/29 v1.4h Standard LaTeX file (size option)
)
\c@part=\count79
\c@section=\count80
\c@subsection=\count81
\c@subsubsection=\count82
\c@paragraph=\count83
\c@subparagraph=\count84
\c@figure=\count85
\c@table=\count86
\abovecaptionskip=\skip41
\belowcaptionskip=\skip42
\bibindent=\dimen102
)
("C:\Program Files\MiKTeX 2.9\tex\latex\graphics\graphicx.sty"
Package: graphicx 2014/10/28 v1.0g Enhanced LaTeX Graphics (DPC,SPQR)

("C:\Program Files\MiKTeX 2.9\tex\latex\graphics\keyval.sty"
Package: keyval 2014/10/28 v1.15 key=value parser (DPC)
\KV@toks@=\toks14
)
("C:\Program Files\MiKTeX 2.9\tex\latex\graphics\graphics.sty"
Package: graphics 2014/10/28 v1.0p Standard LaTeX Graphics (DPC,SPQR)

("C:\Program Files\MiKTeX 2.9\tex\latex\graphics\trig.sty"
Package: trig 1999/03/16 v1.09 sin cos tan (DPC)
)
("C:\Program Files\MiKTeX 2.9\tex\latex\00miktex\graphics.cfg"
File: graphics.cfg 2007/01/18 v1.5 graphics configuration of teTeX/TeXLive
)
Package graphics Info: Driver file: pdftex.def on input line 94.

("C:\Program Files\MiKTeX 2.9\tex\latex\pdftex-def\pdftex.def"
File: pdftex.def 2011/05/27 v0.06d Graphics/color for pdfTeX

("C:\Program Files\MiKTeX 2.9\tex\generic\oberdiek\infwarerr.sty"
Package: infwarerr 2010/04/08 v1.3 Providing info/warning/error messages (HO)
)
("C:\Program Files\MiKTeX 2.9\tex\generic\oberdiek\ltxcmds.sty"
Package: ltxcmds 2011/11/09 v1.22 LaTeX kernel commands for general use (HO)
)
\Gread@gobject=\count87
))
\Gin@req@height=\dimen103
\Gin@req@width=\dimen104
)
("C:\Program Files\MiKTeX 2.9\tex\latex\graphics\color.sty"
Package: color 2014/10/28 v1.1a Standard LaTeX Color (DPC)

("C:\Program Files\MiKTeX 2.9\tex\latex\00miktex\color.cfg"
File: color.cfg 2007/01/18 v1.5 color configuration of teTeX/TeXLive
)
Package color Info: Driver file: pdftex.def on input line 142.
)
("C:\Program Files\MiKTeX 2.9\tex\latex\framed\framed.sty"
Package: framed 2011/10/22 v 0.96: framed or shaded text with page breaks
\OuterFrameSep=\skip43
\fb@frw=\dimen105
\fb@frh=\dimen106
\FrameRule=\dimen107
\FrameSep=\dimen108
)
("C:\Program Files\MiKTeX 2.9\tex\latex\base\alltt.sty"
Package: alltt 1997/06/16 v2.0g defines alltt environment
)
("C:\Program Files\MiKTeX 2.9\tex\latex\geometry\geometry.sty"
Package: geometry 2010/09/12 v5.6 Page Geometry

("C:\Program Files\MiKTeX 2.9\tex\generic\oberdiek\ifpdf.sty"
Package: ifpdf 2011/01/30 v2.3 Provides the ifpdf switch (HO)
Package ifpdf Info: pdfTeX in PDF mode is detected.
)
("C:\Program Files\MiKTeX 2.9\tex\generic\oberdiek\ifvtex.sty"
Package: ifvtex 2010/03/01 v1.5 Detect VTeX and its facilities (HO)
Package ifvtex Info: VTeX not detected.
)
("C:\Program Files\MiKTeX 2.9\tex\generic\ifxetex\ifxetex.sty"
Package: ifxetex 2010/09/12 v0.6 Provides ifxetex conditional
)
\Gm@cnth=\count88
\Gm@cntv=\count89
\c@Gm@tempcnt=\count90
\Gm@bindingoffset=\dimen109
\Gm@wd@mp=\dimen110
\Gm@odd@mp=\dimen111
\Gm@even@mp=\dimen112
\Gm@layoutwidth=\dimen113
\Gm@layoutheight=\dimen114
\Gm@layouthoffset=\dimen115
\Gm@layoutvoffset=\dimen116
\Gm@dimlist=\toks15

("C:\Program Files\MiKTeX 2.9\tex\latex\geometry\geometry.cfg"))
("C:\Program Files\MiKTeX 2.9\tex\latex\upquote\upquote.sty"
Package: upquote 2012/04/19 v1.3 upright-quote and grave-accent glyphs in verba
tim
)
(WillowRandomForestReport.aux)
LaTeX Font Info:    Checking defaults for OML/cmm/m/it on input line 66.
LaTeX Font Info:    ... okay on input line 66.
LaTeX Font Info:    Checking defaults for T1/cmr/m/n on input line 66.
LaTeX Font Info:    ... okay on input line 66.
LaTeX Font Info:    Checking defaults for OT1/cmr/m/n on input line 66.
LaTeX Font Info:    ... okay on input line 66.
LaTeX Font Info:    Checking defaults for OMS/cmsy/m/n on input line 66.
LaTeX Font Info:    ... okay on input line 66.
LaTeX Font Info:    Checking defaults for OMX/cmex/m/n on input line 66.
LaTeX Font Info:    ... okay on input line 66.
LaTeX Font Info:    Checking defaults for U/cmr/m/n on input line 66.
LaTeX Font Info:    ... okay on input line 66.

("C:\Program Files\MiKTeX 2.9\tex\context\base\supp-pdf.mkii"
[Loading MPS to PDF converter (version 2006.09.02).]
\scratchcounter=\count91
\scratchdimen=\dimen117
\scratchbox=\box26
\nofMPsegments=\count92
\nofMParguments=\count93
\everyMPshowfont=\toks16
\MPscratchCnt=\count94
\MPscratchDim=\dimen118
\MPnumerator=\count95
\makeMPintoPDFobject=\count96
\everyMPtoPDFconversion=\toks17
)
*geometry* driver: auto-detecting
*geometry* detected driver: pdftex
*geometry* verbose mode - [ preamble ] result:
* driver: pdftex
* paper: <default>
* layout: <same size as paper>
* layoutoffset:(h,v)=(0.0pt,0.0pt)
* modes: 
* h-part:(L,W,R)=(72.26999pt, 469.75502pt, 72.26999pt)
* v-part:(T,H,B)=(72.26999pt, 650.43001pt, 72.26999pt)
* \paperwidth=614.295pt
* \paperheight=794.96999pt
* \textwidth=469.75502pt
* \textheight=650.43001pt
* \oddsidemargin=0.0pt
* \evensidemargin=0.0pt
* \topmargin=-37.0pt
* \headheight=12.0pt
* \headsep=25.0pt
* \topskip=10.0pt
* \footskip=30.0pt
* \marginparwidth=65.0pt
* \marginparsep=11.0pt
* \columnsep=10.0pt
* \skip\footins=9.0pt plus 4.0pt minus 2.0pt
* \hoffset=0.0pt
* \voffset=0.0pt
* \mag=1000
* \@twocolumnfalse
* \@twosidefalse
* \@mparswitchfalse
* \@reversemarginfalse
* (1in=72.27pt=25.4mm, 1cm=28.453pt)

LaTeX Font Info:    External font `cmex10' loaded for size
(Font)              <12> on input line 69.
LaTeX Font Info:    External font `cmex10' loaded for size
(Font)              <8> on input line 69.
LaTeX Font Info:    External font `cmex10' loaded for size
(Font)              <6> on input line 69.

Underfull \hbox (badness 10000) in paragraph at lines 83--84

 []


Underfull \hbox (badness 10000) in paragraph at lines 85--86

 []


Underfull \hbox (badness 10000) in paragraph at lines 87--88

 []


Underfull \hbox (badness 10000) in paragraph at lines 89--90

 []

[1

{C:/ProgramData/MiKTeX/2.9/pdftex/config/pdftex.map}]
Underfull \hbox (badness 10000) in paragraph at lines 97--98

 []

LaTeX Font Info:    Try loading font information for OMS+cmr on input line 101.

("C:\Program Files\MiKTeX 2.9\tex\latex\base\omscmr.fd"
File: omscmr.fd 2014/09/29 v2.5h Standard LaTeX font definitions
)
LaTeX Font Info:    Font shape `OMS/cmr/m/n' in size <10> not available
(Font)              Font shape `OMS/cmsy/m/n' tried instead on input line 101.

Overfull \hbox (28.05174pt too wide) in paragraph at lines 104--105
[]\OT1/cmr/m/n/10 Predictor vari-ables(continuous): "X..Organic.Matter", "Soil.
pH", "X.H..", "Soil.P..mg.kg.", "Soil.K..mg.kg.",
 []


Overfull \hbox (34.10753pt too wide) in paragraph at lines 104--105
\OT1/cmr/m/n/10 "Soil.Ca..mg.kg.","Soil.Mg..mg.kg.", "Soil.Fe..mg.kg.", "Soil.M
n..mg.kg.", "Soil.Zn..mg.kg.","Soil.Al..mg.kg.",
 []


Overfull \hbox (8.51pt too wide) in paragraph at lines 104--105
\OT1/cmr/m/n/10 "Mean.ann.prcp..mm.", "Mean.ann.GDD..base.10oC.", "Prcp..April.
Oct..mm.", "Tmax..April.Oct.oC.",
 []


Overfull \hbox (143.82983pt too wide) in paragraph at lines 104--105
\OT1/cmr/m/n/10 "An-nual.Tmin..oC.", "An-nual.solar.radiation..MJ.m.1.day.1.", 
"So-lar.radiation..Apr.Oct..MJ.m.1.d.1.","Depth.to.water.table.low.cm.",
 []


Overfull \hbox (20.3294pt too wide) in paragraph at lines 104--105
\OT1/cmr/m/n/10 "Depth.to.Water.Table.high.cm.", "Avail-able.water.capacity..cm
.cm." , "Height..m." and "Od.volume..m3." 
 []


Overfull \hbox (216.76039pt too wide) in paragraph at lines 107--108
[]\OT1/cmr/m/n/10 Predictor vari-ables(factors) :"Clone.ID","Epithet","Family",
"New.Diversity.Group","Clone..SAS.","Ploidy.level","Land.capability.class","LC.
subclass". 
 []


Overfull \hbox (840.41483pt too wide) in paragraph at lines 110--111
[]\OT1/cmr/m/n/10 Response.variables: "Sur-vival....","Surviv.prop","Wet.Yield.
.Mg.ha.","Biomass...Moisture","Biomass.Moisture.prop","Biomass...dry.matter","B
iomass.dry.matter.prop","Dry.Yield..Mg.ha.","Annual.Yield..Mg.ha.yr.","Dry.tons
.ac","Dry.tons.ac.yr","X..Hemicellulose","X..Cellulose","X..Lignin",
 []


Overfull \hbox (12.41243pt too wide) in paragraph at lines 114--115
[]\OT1/cmr/m/n/10 Descriptor Vari-ables with ex-cep-tion of El-e-va-tion are tr
eated as fac-tors, as are the Pre-dic-tor vari-ables(factors).
 []

Package color Info: Redefining color shadecolor on input line 122.
<figure/MissingValuesPredictorGroup-1.pdf, id=9, 505.89pt x 505.89pt>
File: figure/MissingValuesPredictorGroup-1.pdf Graphic file (type pdf)

<use figure/MissingValuesPredictorGroup-1.pdf>
Package pdftex.def Info: figure/MissingValuesPredictorGroup-1.pdf used on input
 line 124.
(pdftex.def)             Requested size: 469.75502pt x 469.76265pt.

<figure/MissingValuesPredictorGroup-2.pdf, id=10, 505.89pt x 505.89pt> [2]
File: figure/MissingValuesPredictorGroup-2.pdf Graphic file (type pdf)

<use figure/MissingValuesPredictorGroup-2.pdf>
Package pdftex.def Info: figure/MissingValuesPredictorGroup-2.pdf used on input
 line 131.
(pdftex.def)             Requested size: 469.75502pt x 469.76265pt.

<figure/MissingValuesPredictorGroup-3.pdf, id=15, 505.89pt x 505.89pt> [3 <./fi
gure/MissingValuesPredictorGroup-1.pdf>]
File: figure/MissingValuesPredictorGroup-3.pdf Graphic file (type pdf)

<use figure/MissingValuesPredictorGroup-3.pdf>
Package pdftex.def Info: figure/MissingValuesPredictorGroup-3.pdf used on input
 line 138.
(pdftex.def)             Requested size: 469.75502pt x 469.76265pt.

<figure/MissingValuesPredictorGroup-4.pdf, id=25, 505.89pt x 505.89pt> [4 <./fi
gure/MissingValuesPredictorGroup-2.pdf>]
File: figure/MissingValuesPredictorGroup-4.pdf Graphic file (type pdf)

<use figure/MissingValuesPredictorGroup-4.pdf>
Package pdftex.def Info: figure/MissingValuesPredictorGroup-4.pdf used on input
 line 145.
(pdftex.def)             Requested size: 469.75502pt x 469.76265pt.
 [5 <./figure/MissingValuesPredictorGroup-3.pdf>]
Underfull \hbox (badness 10000) in paragraph at lines 153--154

 []

[6 <./figure/MissingValuesPredictorGroup-4.pdf>]
Package color Info: Redefining color shadecolor on input line 162.

<figure/HistogramsDescriptorVariables-1.pdf, id=53, 505.89pt x 505.89pt>
File: figure/HistogramsDescriptorVariables-1.pdf Graphic file (type pdf)

<use figure/HistogramsDescriptorVariables-1.pdf>
Package pdftex.def Info: figure/HistogramsDescriptorVariables-1.pdf used on inp
ut line 164.
(pdftex.def)             Requested size: 469.75502pt x 469.76265pt.

<figure/HistogramsDescriptorVariables-2.pdf, id=54, 505.89pt x 505.89pt>
File: figure/HistogramsDescriptorVariables-2.pdf Graphic file (type pdf)

<use figure/HistogramsDescriptorVariables-2.pdf>
Package pdftex.def Info: figure/HistogramsDescriptorVariables-2.pdf used on inp
ut line 171.
(pdftex.def)             Requested size: 469.75502pt x 469.76265pt.

<figure/HistogramsDescriptorVariables-3.pdf, id=55, 505.89pt x 505.89pt>
[7 <./figure/HistogramsDescriptorVariables-1.pdf>]
File: figure/HistogramsDescriptorVariables-3.pdf Graphic file (type pdf)

<use figure/HistogramsDescriptorVariables-3.pdf>
Package pdftex.def Info: figure/HistogramsDescriptorVariables-3.pdf used on inp
ut line 178.
(pdftex.def)             Requested size: 469.75502pt x 469.76265pt.

<figure/HistogramsDescriptorVariables-4.pdf, id=66, 505.89pt x 505.89pt>
[8 <./figure/HistogramsDescriptorVariables-2.pdf>]
File: figure/HistogramsDescriptorVariables-4.pdf Graphic file (type pdf)

<use figure/HistogramsDescriptorVariables-4.pdf>
Package pdftex.def Info: figure/HistogramsDescriptorVariables-4.pdf used on inp
ut line 185.
(pdftex.def)             Requested size: 469.75502pt x 469.76265pt.

<figure/HistogramsDescriptorVariables-5.pdf, id=75, 505.89pt x 505.89pt>
[9 <./figure/HistogramsDescriptorVariables-3.pdf>]
File: figure/HistogramsDescriptorVariables-5.pdf Graphic file (type pdf)

<use figure/HistogramsDescriptorVariables-5.pdf>
Package pdftex.def Info: figure/HistogramsDescriptorVariables-5.pdf used on inp
ut line 192.
(pdftex.def)             Requested size: 469.75502pt x 469.76265pt.

<figure/HistogramsDescriptorVariables-6.pdf, id=84, 505.89pt x 505.89pt>
[10 <./figure/HistogramsDescriptorVariables-4.pdf>]
File: figure/HistogramsDescriptorVariables-6.pdf Graphic file (type pdf)

<use figure/HistogramsDescriptorVariables-6.pdf>
Package pdftex.def Info: figure/HistogramsDescriptorVariables-6.pdf used on inp
ut line 199.
(pdftex.def)             Requested size: 469.75502pt x 469.76265pt.

<figure/HistogramsDescriptorVariables-7.pdf, id=93, 505.89pt x 505.89pt>
[11 <./figure/HistogramsDescriptorVariables-5.pdf>]
File: figure/HistogramsDescriptorVariables-7.pdf Graphic file (type pdf)

<use figure/HistogramsDescriptorVariables-7.pdf>
Package pdftex.def Info: figure/HistogramsDescriptorVariables-7.pdf used on inp
ut line 206.
(pdftex.def)             Requested size: 469.75502pt x 469.76265pt.
 [12 <./figure/HistogramsDescriptorVariables-6.pdf>] [13 <./figure/HistogramsDe
scriptorVariables-7.pdf>]
Package color Info: Redefining color shadecolor on input line 237.

<figure/HistogramsPredictorVariables-1.pdf, id=119, 505.89pt x 505.89pt>
File: figure/HistogramsPredictorVariables-1.pdf Graphic file (type pdf)

<use figure/HistogramsPredictorVariables-1.pdf>
Package pdftex.def Info: figure/HistogramsPredictorVariables-1.pdf used on inpu
t line 239.
(pdftex.def)             Requested size: 469.75502pt x 469.76265pt.

<figure/HistogramsPredictorVariables-2.pdf, id=120, 505.89pt x 505.89pt>
File: figure/HistogramsPredictorVariables-2.pdf Graphic file (type pdf)

<use figure/HistogramsPredictorVariables-2.pdf>
Package pdftex.def Info: figure/HistogramsPredictorVariables-2.pdf used on inpu
t line 246.
(pdftex.def)             Requested size: 469.75502pt x 469.76265pt.

<figure/HistogramsPredictorVariables-3.pdf, id=121, 505.89pt x 505.89pt>
[14 <./figure/HistogramsPredictorVariables-1.pdf>]
File: figure/HistogramsPredictorVariables-3.pdf Graphic file (type pdf)

<use figure/HistogramsPredictorVariables-3.pdf>
Package pdftex.def Info: figure/HistogramsPredictorVariables-3.pdf used on inpu
t line 253.
(pdftex.def)             Requested size: 469.75502pt x 469.76265pt.

<figure/HistogramsPredictorVariables-4.pdf, id=130, 505.89pt x 505.89pt>
[15 <./figure/HistogramsPredictorVariables-2.pdf>]
File: figure/HistogramsPredictorVariables-4.pdf Graphic file (type pdf)

<use figure/HistogramsPredictorVariables-4.pdf>
Package pdftex.def Info: figure/HistogramsPredictorVariables-4.pdf used on inpu
t line 260.
(pdftex.def)             Requested size: 469.75502pt x 469.76265pt.

<figure/HistogramsPredictorVariables-5.pdf, id=139, 505.89pt x 505.89pt>
[16 <./figure/HistogramsPredictorVariables-3.pdf>]
File: figure/HistogramsPredictorVariables-5.pdf Graphic file (type pdf)

<use figure/HistogramsPredictorVariables-5.pdf>
Package pdftex.def Info: figure/HistogramsPredictorVariables-5.pdf used on inpu
t line 267.
(pdftex.def)             Requested size: 469.75502pt x 469.76265pt.

<figure/HistogramsPredictorVariables-6.pdf, id=148, 505.89pt x 505.89pt>
[17 <./figure/HistogramsPredictorVariables-4.pdf>]
File: figure/HistogramsPredictorVariables-6.pdf Graphic file (type pdf)

<use figure/HistogramsPredictorVariables-6.pdf>
Package pdftex.def Info: figure/HistogramsPredictorVariables-6.pdf used on inpu
t line 274.
(pdftex.def)             Requested size: 469.75502pt x 469.76265pt.

<figure/HistogramsPredictorVariables-7.pdf, id=157, 505.89pt x 505.89pt>
[18 <./figure/HistogramsPredictorVariables-5.pdf>]
File: figure/HistogramsPredictorVariables-7.pdf Graphic file (type pdf)

<use figure/HistogramsPredictorVariables-7.pdf>
Package pdftex.def Info: figure/HistogramsPredictorVariables-7.pdf used on inpu
t line 281.
(pdftex.def)             Requested size: 469.75502pt x 469.76265pt.

<figure/HistogramsPredictorVariables-8.pdf, id=166, 505.89pt x 505.89pt>
[19 <./figure/HistogramsPredictorVariables-6.pdf>]
File: figure/HistogramsPredictorVariables-8.pdf Graphic file (type pdf)

<use figure/HistogramsPredictorVariables-8.pdf>
Package pdftex.def Info: figure/HistogramsPredictorVariables-8.pdf used on inpu
t line 288.
(pdftex.def)             Requested size: 469.75502pt x 469.76265pt.
 [20 <./figure/HistogramsPredictorVariables-7.pdf>] [21 <./figure/HistogramsPre
dictorVariables-8.pdf>]
Package color Info: Redefining color shadecolor on input line 331.

<figure/HeatmapCloneSASLocation-1.pdf, id=192, 505.89pt x 505.89pt>
File: figure/HeatmapCloneSASLocation-1.pdf Graphic file (type pdf)

<use figure/HeatmapCloneSASLocation-1.pdf>
Package pdftex.def Info: figure/HeatmapCloneSASLocation-1.pdf used on input lin
e 333.
(pdftex.def)             Requested size: 469.75502pt x 469.76265pt.

<figure/HeatmapCloneSASLocation-2.pdf, id=193, 505.89pt x 505.89pt> [22]
File: figure/HeatmapCloneSASLocation-2.pdf Graphic file (type pdf)

<use figure/HeatmapCloneSASLocation-2.pdf>
Package pdftex.def Info: figure/HeatmapCloneSASLocation-2.pdf used on input lin
e 340.
(pdftex.def)             Requested size: 469.75502pt x 469.76265pt.

<figure/HeatmapCloneSASLocation-3.pdf, id=197, 505.89pt x 505.89pt> [23 <./figu
re/HeatmapCloneSASLocation-1.pdf>]
File: figure/HeatmapCloneSASLocation-3.pdf Graphic file (type pdf)
 <use figure/HeatmapCloneSASLocation-3.pdf>
Package pdftex.def Info: figure/HeatmapCloneSASLocation-3.pdf used on input lin
e 347.
(pdftex.def)             Requested size: 469.75502pt x 469.76265pt.

<figure/HeatmapCloneSASLocation-4.pdf, id=207, 505.89pt x 505.89pt> [24 <./figu
re/HeatmapCloneSASLocation-2.pdf>]
File: figure/HeatmapCloneSASLocation-4.pdf Graphic file (type pdf)
 <use figure/HeatmapCloneSASLocation-4.pdf>
Package pdftex.def Info: figure/HeatmapCloneSASLocation-4.pdf used on input lin
e 354.
(pdftex.def)             Requested size: 469.75502pt x 469.76265pt.

[25 <./figure/HeatmapCloneSASLocation-3.pdf>] [26 <./figure/HeatmapCloneSASLoca
tion-4.pdf>]
Underfull \hbox (badness 10000) in paragraph at lines 363--364

 []

Package color Info: Redefining color shadecolor on input line 367.
<figure/HeatmapSurvivalYield-1.pdf, id=236, 505.89pt x 505.89pt>
File: figure/HeatmapSurvivalYield-1.pdf Graphic file (type pdf)

<use figure/HeatmapSurvivalYield-1.pdf>
Package pdftex.def Info: figure/HeatmapSurvivalYield-1.pdf used on input line 3
69.
(pdftex.def)             Requested size: 469.75502pt x 469.76265pt.

<figure/HeatmapSurvivalYield-2.pdf, id=237, 505.89pt x 505.89pt>
File: figure/HeatmapSurvivalYield-2.pdf Graphic file (type pdf)

<use figure/HeatmapSurvivalYield-2.pdf>
Package pdftex.def Info: figure/HeatmapSurvivalYield-2.pdf used on input line 3
76.
(pdftex.def)             Requested size: 469.75502pt x 469.76265pt.

<figure/HeatmapSurvivalYield-3.pdf, id=238, 505.89pt x 505.89pt> [27 <./figure/
HeatmapSurvivalYield-1.pdf>]
File: figure/HeatmapSurvivalYield-3.pdf Graphic file (type pdf)
 <use figure/HeatmapSurvivalYield-3.pdf>
Package pdftex.def Info: figure/HeatmapSurvivalYield-3.pdf used on input line 3
83.
(pdftex.def)             Requested size: 469.75502pt x 469.76265pt.

<figure/HeatmapSurvivalYield-4.pdf, id=248, 505.89pt x 505.89pt> [28 <./figure/
HeatmapSurvivalYield-2.pdf>]
File: figure/HeatmapSurvivalYield-4.pdf Graphic file (type pdf)
 <use figure/HeatmapSurvivalYield-4.pdf>
Package pdftex.def Info: figure/HeatmapSurvivalYield-4.pdf used on input line 3
90.
(pdftex.def)             Requested size: 469.75502pt x 469.76265pt.

<figure/HeatmapSurvivalYield-5.pdf, id=258, 505.89pt x 505.89pt> [29 <./figure/
HeatmapSurvivalYield-3.pdf>]
File: figure/HeatmapSurvivalYield-5.pdf Graphic file (type pdf)
 <use figure/HeatmapSurvivalYield-5.pdf>
Package pdftex.def Info: figure/HeatmapSurvivalYield-5.pdf used on input line 3
97.
(pdftex.def)             Requested size: 469.75502pt x 469.76265pt.
 [30 <./figure/HeatmapSurvivalYield-4.pdf>]
Underfull \hbox (badness 10000) in paragraph at lines 410--412

 []

[31 <./figure/HeatmapSurvivalYield-5.pdf>]
Underfull \hbox (badness 10000) in paragraph at lines 413--416

 []


Underfull \hbox (badness 10000) in paragraph at lines 421--422

 []


Underfull \hbox (badness 10000) in paragraph at lines 424--425

 []


Underfull \hbox (badness 10000) in paragraph at lines 426--427

 []


Underfull \hbox (badness 10000) in paragraph at lines 428--429

 []


Underfull \hbox (badness 10000) in paragraph at lines 430--431

 []

Package color Info: Redefining color shadecolor on input line 435.
<figure/BruteForceApproach-1.pdf, id=287, 505.89pt x 505.89pt>
File: figure/BruteForceApproach-1.pdf Graphic file (type pdf)

<use figure/BruteForceApproach-1.pdf>
Package pdftex.def Info: figure/BruteForceApproach-1.pdf used on input line 437
.
(pdftex.def)             Requested size: 469.75502pt x 469.76265pt.

<figure/BruteForceApproach-2.pdf, id=288, 505.89pt x 505.89pt> [32]
File: figure/BruteForceApproach-2.pdf Graphic file (type pdf)

<use figure/BruteForceApproach-2.pdf>
Package pdftex.def Info: figure/BruteForceApproach-2.pdf used on input line 444
.
(pdftex.def)             Requested size: 469.75502pt x 469.76265pt.

<figure/BruteForceApproach-3.pdf, id=292, 505.89pt x 505.89pt> [33 <./figure/Br
uteForceApproach-1.pdf>]
File: figure/BruteForceApproach-3.pdf Graphic file (type pdf)
 <use figure/BruteForceApproach-3.pdf>
Package pdftex.def Info: figure/BruteForceApproach-3.pdf used on input line 451
.
(pdftex.def)             Requested size: 469.75502pt x 469.76265pt.
 [34 <./figure/BruteForceApproach-2.pdf>]
Underfull \hbox (badness 10000) in paragraph at lines 464--466

 []

[35 <./figure/BruteForceApproach-3.pdf>]
Underfull \hbox (badness 10000) in paragraph at lines 467--468

 []


Overfull \hbox (27.52376pt too wide) in paragraph at lines 469--470
[]\OT1/cmr/m/n/10 Variable An-nual Yield (Mg/ha/yr) was ex-plained us-ing the f
ol-low-ing pre-dic-tor vari-ables: "Mean.ann.prcp..mm."
 []


Overfull \hbox (26.60733pt too wide) in paragraph at lines 469--470
\OT1/cmr/m/n/10 "An-nual.solar.radiation..MJ.m.1.day.1.", "So-lar.radiation..Ap
r.Oct..MJ.m.1.d.1." , "Depth.to.water.table.low.cm."
 []


Overfull \hbox (2.8016pt too wide) in paragraph at lines 469--470
\OT1/cmr/m/n/10 , "Depth.to.Water.Table.high.cm." , "Avail-able.water.capacity.
.cm.cm.", "Sur-vival...." , "Biomass...Moisture"
 []


Underfull \hbox (badness 10000) in paragraph at lines 471--472

 []


Underfull \hbox (badness 10000) in paragraph at lines 473--474

 []


Underfull \hbox (badness 10000) in paragraph at lines 475--476

 []


Underfull \hbox (badness 10000) in paragraph at lines 477--478

 []


Underfull \hbox (badness 10000) in paragraph at lines 479--481

 []

Package color Info: Redefining color shadecolor on input line 484.
<figure/VariableSelectionApproach-1.pdf, id=320, 505.89pt x 505.89pt>
File: figure/VariableSelectionApproach-1.pdf Graphic file (type pdf)

<use figure/VariableSelectionApproach-1.pdf>
Package pdftex.def Info: figure/VariableSelectionApproach-1.pdf used on input l
ine 486.
(pdftex.def)             Requested size: 469.75502pt x 469.76265pt.

<figure/VariableSelectionApproach-2.pdf, id=321, 505.89pt x 505.89pt> [36]
File: figure/VariableSelectionApproach-2.pdf Graphic file (type pdf)

<use figure/VariableSelectionApproach-2.pdf>
Package pdftex.def Info: figure/VariableSelectionApproach-2.pdf used on input l
ine 493.
(pdftex.def)             Requested size: 469.75502pt x 469.76265pt.

<figure/VariableSelectionApproach-3.pdf, id=325, 505.89pt x 505.89pt> [37 <./fi
gure/VariableSelectionApproach-1.pdf>]
File: figure/VariableSelectionApproach-3.pdf Graphic file (type pdf)

<use figure/VariableSelectionApproach-3.pdf>
Package pdftex.def Info: figure/VariableSelectionApproach-3.pdf used on input l
ine 500.
(pdftex.def)             Requested size: 469.75502pt x 469.76265pt.


! LaTeX Error: There's no line here to end.

See the LaTeX manual or LaTeX Companion for explanation.
Type  H <return>  for immediate help.
 ...                                              
                                                  
l.508 
      
Your command was ignored.
Type  I <command> <return>  to replace it with another command,
or  <return>  to continue without it.

[38 <./figure/VariableSelectionApproach-2.pdf>]
Underfull \hbox (badness 10000) in paragraph at lines 509--510

 []

Package color Info: Redefining color shadecolor on input line 514.
<figure/PartialDependenceLocation-1.pdf, id=345, 505.89pt x 505.89pt>
File: figure/PartialDependenceLocation-1.pdf Graphic file (type pdf)

<use figure/PartialDependenceLocation-1.pdf>
Package pdftex.def Info: figure/PartialDependenceLocation-1.pdf used on input l
ine 516.
(pdftex.def)             Requested size: 469.75502pt x 469.76265pt.
 [39 <./figure/VariableSelectionApproach-3.pdf>]
Package color Info: Redefining color shadecolor on input line 529.
 <figure/PartialDependence-1.pdf, id=355, 505.89pt x 505.89pt>
File: figure/PartialDependence-1.pdf Graphic file (type pdf)

<use figure/PartialDependence-1.pdf>
Package pdftex.def Info: figure/PartialDependence-1.pdf used on input line 531.

(pdftex.def)             Requested size: 469.75502pt x 469.76265pt.

<figure/PartialDependence-2.pdf, id=356, 505.89pt x 505.89pt> [40 <./figure/Par
tialDependenceLocation-1.pdf>]
File: figure/PartialDependence-2.pdf Graphic file (type pdf)
 <use figure/PartialDependence-2.pdf>
Package pdftex.def Info: figure/PartialDependence-2.pdf used on input line 538.

(pdftex.def)             Requested size: 469.75502pt x 469.76265pt.

<figure/PartialDependence-3.pdf, id=366, 505.89pt x 505.89pt> [41 <./figure/Par
tialDependence-1.pdf>]
File: figure/PartialDependence-3.pdf Graphic file (type pdf)
 <use figure/PartialDependence-3.pdf>
Package pdftex.def Info: figure/PartialDependence-3.pdf used on input line 545.

(pdftex.def)             Requested size: 469.75502pt x 469.76265pt.

<figure/PartialDependence-4.pdf, id=376, 505.89pt x 505.89pt> [42 <./figure/Par
tialDependence-2.pdf>]
File: figure/PartialDependence-4.pdf Graphic file (type pdf)
 <use figure/PartialDependence-4.pdf>
Package pdftex.def Info: figure/PartialDependence-4.pdf used on input line 552.

(pdftex.def)             Requested size: 469.75502pt x 469.76265pt.

<figure/PartialDependence-5.pdf, id=386, 505.89pt x 505.89pt> [43 <./figure/Par
tialDependence-3.pdf>]
File: figure/PartialDependence-5.pdf Graphic file (type pdf)
 <use figure/PartialDependence-5.pdf>
Package pdftex.def Info: figure/PartialDependence-5.pdf used on input line 559.

(pdftex.def)             Requested size: 469.75502pt x 469.76265pt.

<figure/PartialDependence-6.pdf, id=397, 505.89pt x 505.89pt> [44 <./figure/Par
tialDependence-4.pdf>]
File: figure/PartialDependence-6.pdf Graphic file (type pdf)
 <use figure/PartialDependence-6.pdf>
Package pdftex.def Info: figure/PartialDependence-6.pdf used on input line 566.

(pdftex.def)             Requested size: 469.75502pt x 469.76265pt.


! LaTeX Error: There's no line here to end.

See the LaTeX manual or LaTeX Companion for explanation.
Type  H <return>  for immediate help.
 ...                                              
                                                  
l.574 
      
Your command was ignored.
Type  I <command> <return>  to replace it with another command,
or  <return>  to continue without it.

[45 <./figure/PartialDependence-5.pdf>]
Underfull \hbox (badness 10000) in paragraph at lines 575--576

 []


Underfull \hbox (badness 10000) in paragraph at lines 577--578

 []

[46 <./figure/PartialDependence-6.pdf>]
Package color Info: Redefining color shadecolor on input line 581.

<figure/ScaterplotYieldComposition-1.pdf, id=425, 505.89pt x 505.89pt>
File: figure/ScaterplotYieldComposition-1.pdf Graphic file (type pdf)

<use figure/ScaterplotYieldComposition-1.pdf>
Package pdftex.def Info: figure/ScaterplotYieldComposition-1.pdf used on input 
line 583.
(pdftex.def)             Requested size: 469.75502pt x 469.76265pt.


! LaTeX Error: There's no line here to end.

See the LaTeX manual or LaTeX Companion for explanation.
Type  H <return>  for immediate help.
 ...                                              
                                                  
l.591 
      
Your command was ignored.
Type  I <command> <return>  to replace it with another command,
or  <return>  to continue without it.


Underfull \hbox (badness 10000) in paragraph at lines 593--594

 []

Package color Info: Redefining color shadecolor on input line 597.
<figure/OtherPartialDependence-1.pdf, id=426, 505.89pt x 505.89pt>
File: figure/OtherPartialDependence-1.pdf Graphic file (type pdf)

<use figure/OtherPartialDependence-1.pdf>
Package pdftex.def Info: figure/OtherPartialDependence-1.pdf used on input line
 599.
(pdftex.def)             Requested size: 469.75502pt x 469.76265pt.

<figure/OtherPartialDependence-2.pdf, id=427, 505.89pt x 505.89pt> [47 <./figur
e/ScaterplotYieldComposition-1.pdf>]
File: figure/OtherPartialDependence-2.pdf Graphic file (type pdf)
 <use figure/OtherPartialDependence-2.pdf>
Package pdftex.def Info: figure/OtherPartialDependence-2.pdf used on input line
 606.
(pdftex.def)             Requested size: 469.75502pt x 469.76265pt.

<figure/OtherPartialDependence-3.pdf, id=436, 505.89pt x 505.89pt> [48 <./figur
e/OtherPartialDependence-1.pdf>]
File: figure/OtherPartialDependence-3.pdf Graphic file (type pdf)
 <use figure/OtherPartialDependence-3.pdf>
Package pdftex.def Info: figure/OtherPartialDependence-3.pdf used on input line
 613.
(pdftex.def)             Requested size: 469.75502pt x 469.76265pt.

<figure/OtherPartialDependence-4.pdf, id=446, 505.89pt x 505.89pt> [49 <./figur
e/OtherPartialDependence-2.pdf>]
File: figure/OtherPartialDependence-4.pdf Graphic file (type pdf)
 <use figure/OtherPartialDependence-4.pdf>
Package pdftex.def Info: figure/OtherPartialDependence-4.pdf used on input line
 620.
(pdftex.def)             Requested size: 469.75502pt x 469.76265pt.

<figure/OtherPartialDependence-5.pdf, id=457, 505.89pt x 505.89pt> [50 <./figur
e/OtherPartialDependence-3.pdf>]
File: figure/OtherPartialDependence-5.pdf Graphic file (type pdf)
 <use figure/OtherPartialDependence-5.pdf>
Package pdftex.def Info: figure/OtherPartialDependence-5.pdf used on input line
 627.
(pdftex.def)             Requested size: 469.75502pt x 469.76265pt.


! LaTeX Error: There's no line here to end.

See the LaTeX manual or LaTeX Companion for explanation.
Type  H <return>  for immediate help.
 ...                                              
                                                  
l.635 
      
Your command was ignored.
Type  I <command> <return>  to replace it with another command,
or  <return>  to continue without it.

[51 <./figure/OtherPartialDependence-4.pdf>]

! LaTeX Error: There's no line here to end.

See the LaTeX manual or LaTeX Companion for explanation.
Type  H <return>  for immediate help.
 ...                                              
                                                  
l.640 
      
Your command was ignored.
Type  I <command> <return>  to replace it with another command,
or  <return>  to continue without it.

Package color Info: Redefining color shadecolor on input line 642.
<figure/AdditionalPartialDependence-1.pdf, id=476, 505.89pt x 505.89pt>
File: figure/AdditionalPartialDependence-1.pdf Graphic file (type pdf)

<use figure/AdditionalPartialDependence-1.pdf>
Package pdftex.def Info: figure/AdditionalPartialDependence-1.pdf used on input
 line 644.
(pdftex.def)             Requested size: 469.75502pt x 469.76265pt.

<figure/AdditionalPartialDependence-2.pdf, id=477, 505.89pt x 505.89pt>
[52 <./figure/OtherPartialDependence-5.pdf>]
File: figure/AdditionalPartialDependence-2.pdf Graphic file (type pdf)

<use figure/AdditionalPartialDependence-2.pdf>
Package pdftex.def Info: figure/AdditionalPartialDependence-2.pdf used on input
 line 651.
(pdftex.def)             Requested size: 469.75502pt x 469.76265pt.


! LaTeX Error: There's no line here to end.

See the LaTeX manual or LaTeX Companion for explanation.
Type  H <return>  for immediate help.
 ...                                              
                                                  
l.660 
      
Your command was ignored.
Type  I <command> <return>  to replace it with another command,
or  <return>  to continue without it.

[53 <./figure/AdditionalPartialDependence-1.pdf>]
Package color Info: Redefining color shadecolor on input line 670.

<figure/MSDSPlotsYield-1.pdf, id=496, 505.89pt x 505.89pt> [54 <./figure/Additi
onalPartialDependence-2.pdf>]
File: figure/MSDSPlotsYield-1.pdf Graphic file (type pdf)
 <use figure/MSDSPlotsYield-1.pdf>
Package pdftex.def Info: figure/MSDSPlotsYield-1.pdf used on input line 672.
(pdftex.def)             Requested size: 469.75502pt x 469.76265pt.

<figure/MSDSPlotsYield-2.pdf, id=506, 505.89pt x 505.89pt>
File: figure/MSDSPlotsYield-2.pdf Graphic file (type pdf)

<use figure/MSDSPlotsYield-2.pdf>
Package pdftex.def Info: figure/MSDSPlotsYield-2.pdf used on input line 679.
(pdftex.def)             Requested size: 469.75502pt x 469.76265pt.

<figure/MSDSPlotsYield-3.pdf, id=507, 505.89pt x 505.89pt> [55 <./figure/MSDSPl
otsYield-1.pdf>]
File: figure/MSDSPlotsYield-3.pdf Graphic file (type pdf)
 <use figure/MSDSPlotsYield-3.pdf>
Package pdftex.def Info: figure/MSDSPlotsYield-3.pdf used on input line 686.
(pdftex.def)             Requested size: 469.75502pt x 469.76265pt.


! LaTeX Error: There's no line here to end.

See the LaTeX manual or LaTeX Companion for explanation.
Type  H <return>  for immediate help.
 ...                                              
                                                  
l.695 
      
Your command was ignored.
Type  I <command> <return>  to replace it with another command,
or  <return>  to continue without it.

[56 <./figure/MSDSPlotsYield-2.pdf>] [57 <./figure/MSDSPlotsYield-3.pdf>]
(WillowRandomForestReport.aux) ) 
Here is how much of TeX's memory you used:
 2038 strings out of 493671
 34480 string characters out of 3143862
 90972 words of memory out of 3000000
 5339 multiletter control sequences out of 15000+200000
 7895 words of font info for 28 fonts, out of 3000000 for 9000
 1025 hyphenation exceptions out of 8191
 27i,6n,32p,1408b,246s stack positions out of 5000i,500n,10000p,200000b,50000s
<C:/Program Files/MiKTeX 2.9/fonts/type1/public
/amsfonts/cm/cmbx10.pfb><C:/Program Files/MiKTeX 2.9/fonts/type1/public/amsfont
s/cm/cmbx12.pfb><C:/Program Files/MiKTeX 2.9/fonts/type1/public/amsfonts/cm/cmr
10.pfb><C:/Program Files/MiKTeX 2.9/fonts/type1/public/amsfonts/cm/cmr12.pfb><C
:/Program Files/MiKTeX 2.9/fonts/type1/public/amsfonts/cm/cmr17.pfb><C:/Program
 Files/MiKTeX 2.9/fonts/type1/public/amsfonts/cm/cmsy10.pfb>
Output written on WillowRandomForestReport.pdf (57 pages, 1443893 bytes).
PDF statistics:
 558 PDF objects out of 1000 (max. 8388607)
 0 named destinations out of 1000 (max. 500000)
 261 words of extra memory for PDF output out of 10000 (max. 10000000)

